[SYNC] Access requests synced to Azure
[STEP] Starting system checks...
[PASS] Internet check passed.
[SYNC] Pulled 1 rows from Azure -> users
[SYNC] Pulled 2 rows from Azure -> access_requests
[SYNC] Pulled 1 rows from Azure -> machine_permissions
[SYNC] Pulled 8 rows from Azure -> system_settings
[SYNC] Pulled 1 rows from Azure -> machine
[PASS] Azure sync complete.
[PASS] Machine status set to neutral.
[PASS] Device ID + Heartbeat updated.
[SYNC] Machine status pushed for lathe-001
[STEP] Starting system checks...
[PASS] Internet check passed.
[SYNC] Pulled 1 rows from Azure -> users
[SYNC] Pulled 2 rows from Azure -> access_requests
[SYNC] Pulled 1 rows from Azure -> machine_permissions
[SYNC] Pulled 8 rows from Azure -> system_settings
[SYNC] Pulled 1 rows from Azure -> machine
[PASS] Azure sync complete.
[PASS] Machine status set to neutral.
[PASS] Device ID + Heartbeat updated.
[SYNC] Machine status pushed for lathe-001
